TN:
SF:src/config.ts
FNF:0
FNH:0
DA:2,6
DA:13,6
LF:2
LH:2
BRDA:4,0,0,6
BRDA:4,0,1,0
BRF:2
BRH:1
end_of_record
TN:
SF:src/api/ordersApi.ts
FN:7,(anonymous_14)
FN:14,(anonymous_15)
FN:35,(anonymous_17)
FN:35,(anonymous_18)
FN:44,(anonymous_20)
FN:44,(anonymous_21)
FN:53,(anonymous_23)
FN:53,(anonymous_24)
FN:62,(anonymous_26)
FN:62,(anonymous_27)
FNF:10
FNH:4
FNDA:8,(anonymous_14)
FNDA:8,(anonymous_15)
FNDA:8,(anonymous_17)
FNDA:8,(anonymous_18)
FNDA:0,(anonymous_20)
FNDA:0,(anonymous_21)
FNDA:0,(anonymous_23)
FNDA:0,(anonymous_24)
FNDA:0,(anonymous_26)
FNDA:0,(anonymous_27)
DA:1,2
DA:2,2
DA:5,2
DA:7,2
DA:14,8
DA:16,8
DA:19,8
DA:28,8
DA:29,0
DA:31,8
DA:35,10
DA:37,8
DA:38,0
DA:40,8
DA:44,2
DA:46,0
DA:47,0
DA:49,0
DA:53,2
DA:55,0
DA:56,0
DA:58,0
DA:62,2
DA:64,0
DA:65,0
DA:67,0
LF:26
LH:15
BRDA:16,0,0,0
BRDA:16,0,1,8
BRDA:16,1,0,0
BRDA:16,1,1,8
BRDA:16,2,0,0
BRDA:16,2,1,8
BRDA:16,3,0,0
BRDA:16,3,1,8
BRDA:16,4,0,0
BRDA:16,4,1,8
BRDA:16,5,0,0
BRDA:16,5,1,8
BRF:12
BRH:6
end_of_record
TN:
SF:src/api/productsApi.ts
FN:8,(anonymous_17)
FN:8,(anonymous_18)
FN:31,(anonymous_20)
FN:31,(anonymous_21)
FN:42,(anonymous_23)
FN:42,(anonymous_24)
FN:53,(anonymous_26)
FN:53,(anonymous_27)
FN:64,(anonymous_29)
FN:64,(anonymous_30)
FN:75,(anonymous_32)
FN:75,(anonymous_33)
FN:88,(anonymous_35)
FN:88,(anonymous_36)
FNF:14
FNH:4
FNDA:17,(anonymous_17)
FNDA:17,(anonymous_18)
FNDA:0,(anonymous_20)
FNDA:0,(anonymous_21)
FNDA:0,(anonymous_23)
FNDA:0,(anonymous_24)
FNDA:0,(anonymous_26)
FNDA:0,(anonymous_27)
FNDA:0,(anonymous_29)
FNDA:0,(anonymous_30)
FNDA:0,(anonymous_32)
FNDA:0,(anonymous_33)
FNDA:8,(anonymous_35)
FNDA:8,(anonymous_36)
DA:1,3
DA:2,3
DA:5,3
DA:8,17
DA:11,17
DA:12,17
DA:14,17
DA:15,0
DA:18,17
DA:19,0
DA:22,17
DA:23,0
DA:25,17
DA:26,17
DA:31,3
DA:33,0
DA:34,0
DA:36,0
DA:37,0
DA:42,3
DA:44,0
DA:45,0
DA:47,0
DA:48,0
DA:53,3
DA:55,0
DA:56,0
DA:58,0
DA:59,0
DA:64,3
DA:66,0
DA:67,0
DA:69,0
DA:70,0
DA:75,3
DA:77,0
DA:80,0
DA:82,0
DA:83,0
DA:88,11
DA:90,8
DA:91,0
DA:93,8
DA:94,8
LF:44
LH:20
BRDA:14,0,0,0
BRDA:18,1,0,0
BRF:2
BRH:0
end_of_record
TN:
SF:src/api/usersApi.ts
FN:7,(anonymous_14)
FN:7,(anonymous_15)
FN:17,(anonymous_17)
FN:17,(anonymous_18)
FN:27,(anonymous_20)
FN:27,(anonymous_21)
FN:37,(anonymous_23)
FN:37,(anonymous_24)
FN:47,(anonymous_26)
FN:47,(anonymous_27)
FNF:10
FNH:4
FNDA:9,(anonymous_14)
FNDA:9,(anonymous_15)
FNDA:8,(anonymous_17)
FNDA:8,(anonymous_18)
FNDA:0,(anonymous_20)
FNDA:0,(anonymous_21)
FNDA:0,(anonymous_23)
FNDA:0,(anonymous_24)
FNDA:0,(anonymous_26)
FNDA:0,(anonymous_27)
DA:1,2
DA:2,2
DA:5,2
DA:7,9
DA:9,9
DA:10,0
DA:12,9
DA:13,9
DA:17,10
DA:19,8
DA:20,0
DA:22,8
DA:23,8
DA:27,2
DA:29,0
DA:30,0
DA:32,0
DA:33,0
DA:37,2
DA:39,0
DA:40,0
DA:42,0
DA:43,0
DA:47,2
DA:49,0
DA:50,0
DA:52,0
DA:53,0
LF:28
LH:14
BRF:0
BRH:0
end_of_record
TN:
SF:src/components/Dashboard/index.tsx
FN:35,(anonymous_21)
FN:80,(anonymous_22)
FN:101,(anonymous_25)
FN:105,(anonymous_26)
FN:128,(anonymous_27)
FNF:5
FNH:4
FNDA:11,(anonymous_21)
FNDA:12,(anonymous_22)
FNDA:6,(anonymous_25)
FNDA:6,(anonymous_26)
FNDA:0,(anonymous_27)
DA:1,1
DA:2,1
DA:3,1
DA:12,1
DA:13,1
DA:14,1
DA:15,1
DA:35,1
DA:36,11
DA:42,10
DA:48,10
DA:54,10
DA:55,10
DA:58,10
DA:64,10
DA:71,10
DA:80,16
DA:82,6
DA:83,6
DA:84,6
DA:90,5
DA:91,5
DA:92,5
DA:94,1
DA:95,1
DA:97,6
DA:101,10
DA:102,6
DA:104,6
DA:105,6
DA:108,10
DA:109,1
DA:122,9
DA:129,0
DA:130,0
DA:141,9
DA:152,9
DA:173,9
DA:245,1
LF:39
LH:37
BRDA:108,0,0,1
BRDA:129,1,0,0
BRDA:129,2,0,0
BRDA:129,2,1,0
BRF:4
BRH:1
end_of_record
TN:
SF:src/components/OrderManagement/index.tsx
FN:34,(anonymous_21)
FN:59,(anonymous_22)
FN:90,(anonymous_25)
FN:103,(anonymous_28)
FN:112,(anonymous_31)
FN:118,(anonymous_32)
FN:121,(anonymous_33)
FN:148,(anonymous_35)
FN:157,(anonymous_36)
FN:159,(anonymous_37)
FN:163,(anonymous_38)
FN:174,(anonymous_39)
FN:177,(anonymous_42)
FN:203,(anonymous_43)
FN:207,(anonymous_44)
FN:207,(anonymous_45)
FN:224,(anonymous_47)
FN:250,(anonymous_48)
FN:268,(anonymous_49)
FN:282,(anonymous_50)
FN:295,(anonymous_51)
FN:300,(anonymous_52)
FN:304,(anonymous_53)
FN:370,(anonymous_54)
FN:381,(anonymous_55)
FN:386,(anonymous_56)
FN:415,(anonymous_57)
FNF:27
FNH:5
FNDA:23,(anonymous_21)
FNDA:8,(anonymous_22)
FNDA:16,(anonymous_25)
FNDA:16,(anonymous_28)
FNDA:8,(anonymous_31)
FNDA:0,(anonymous_32)
FNDA:0,(anonymous_33)
FNDA:0,(anonymous_35)
FNDA:0,(anonymous_36)
FNDA:0,(anonymous_37)
FNDA:0,(anonymous_38)
FNDA:0,(anonymous_39)
FNDA:0,(anonymous_42)
FNDA:0,(anonymous_43)
FNDA:0,(anonymous_44)
FNDA:0,(anonymous_45)
FNDA:0,(anonymous_47)
FNDA:0,(anonymous_48)
FNDA:0,(anonymous_49)
FNDA:0,(anonymous_50)
FNDA:0,(anonymous_51)
FNDA:0,(anonymous_52)
FNDA:0,(anonymous_53)
FNDA:0,(anonymous_54)
FNDA:0,(anonymous_55)
FNDA:0,(anonymous_56)
FNDA:0,(anonymous_57)
DA:1,1
DA:2,1
DA:19,1
DA:28,1
DA:30,1
DA:31,1
DA:34,1
DA:35,23
DA:36,22
DA:37,22
DA:38,22
DA:39,22
DA:40,22
DA:41,22
DA:42,22
DA:51,22
DA:57,22
DA:59,22
DA:60,16
DA:61,16
DA:62,16
DA:63,16
DA:64,16
DA:65,16
DA:68,8
DA:69,8
DA:77,0
DA:78,0
DA:84,8
DA:86,8
DA:90,30
DA:92,8
DA:97,0
DA:99,8
DA:103,30
DA:105,8
DA:106,0
DA:108,8
DA:112,22
DA:113,8
DA:114,8
DA:115,8
DA:118,22
DA:121,0
DA:124,0
DA:125,0
DA:128,0
DA:130,0
DA:135,0
DA:138,0
DA:147,0
DA:148,0
DA:153,0
DA:157,22
DA:158,0
DA:159,0
DA:160,0
DA:163,22
DA:164,0
DA:165,0
DA:166,0
DA:168,0
DA:169,0
DA:171,0
DA:174,22
DA:176,0
DA:177,0
DA:179,0
DA:180,0
DA:181,0
DA:184,0
DA:186,0
DA:187,0
DA:188,0
DA:190,0
DA:191,0
DA:193,0
DA:194,0
DA:199,0
DA:203,22
DA:204,0
DA:207,22
DA:208,0
DA:209,0
DA:210,0
DA:213,0
DA:214,0
DA:215,0
DA:220,0
DA:224,22
DA:225,0
DA:227,0
DA:229,0
DA:231,0
DA:233,0
DA:237,22
DA:251,0
DA:268,0
DA:283,0
DA:284,0
DA:295,0
DA:300,0
DA:304,0
DA:320,22
DA:370,0
DA:381,0
DA:386,0
DA:415,0
DA:451,1
LF:109
LH:48
BRDA:60,0,0,8
BRDA:61,1,0,8
BRDA:62,2,0,8
BRDA:63,3,0,8
BRDA:64,4,0,8
BRDA:65,5,0,8
BRDA:75,6,0,0
BRDA:75,6,1,8
BRDA:75,7,0,0
BRDA:75,7,1,8
BRDA:124,8,0,0
BRDA:124,8,1,0
BRDA:124,9,0,0
BRDA:124,9,1,0
BRDA:124,10,0,0
BRDA:124,10,1,0
BRDA:124,11,0,0
BRDA:124,11,1,0
BRDA:124,12,0,0
BRDA:124,12,1,0
BRDA:125,13,0,0
BRDA:125,13,1,0
BRDA:125,14,0,0
BRDA:125,14,1,0
BRDA:125,15,0,0
BRDA:125,15,1,0
BRDA:125,16,0,0
BRDA:125,16,1,0
BRDA:125,17,0,0
BRDA:125,17,1,0
BRDA:128,18,0,0
BRDA:128,18,1,0
BRDA:131,19,0,0
BRDA:131,19,1,0
BRDA:132,20,0,0
BRDA:132,20,1,0
BRDA:133,21,0,0
BRDA:133,21,1,0
BRDA:139,22,0,0
BRDA:139,22,1,0
BRDA:140,23,0,0
BRDA:140,23,1,0
BRDA:144,24,0,0
BRDA:144,24,1,0
BRDA:144,25,0,0
BRDA:144,25,1,0
BRDA:164,26,0,0
BRDA:164,26,1,0
BRDA:190,27,0,0
BRDA:179,28,0,0
BRDA:186,29,0,0
BRDA:208,30,0,0
BRDA:225,31,0,0
BRDA:225,31,1,0
BRDA:225,31,2,0
BRDA:225,31,3,0
BRDA:397,32,0,0
BRDA:397,32,1,22
BRDA:407,33,0,22
BRDA:407,33,1,22
BRF:60
BRH:11
end_of_record
TN:
SF:src/components/ProductManagement/index.tsx
FN:36,(anonymous_21)
FN:56,(anonymous_22)
FN:88,(anonymous_25)
FN:97,(anonymous_28)
FN:102,(anonymous_29)
FN:105,(anonymous_30)
FN:136,(anonymous_32)
FN:145,(anonymous_33)
FN:147,(anonymous_34)
FN:151,(anonymous_35)
FN:162,(anonymous_36)
FN:185,(anonymous_39)
FN:189,(anonymous_40)
FN:189,(anonymous_41)
FN:207,(anonymous_43)
FN:248,(anonymous_44)
FN:278,(anonymous_45)
FN:284,(anonymous_46)
FN:296,(anonymous_47)
FN:301,(anonymous_48)
FN:306,(anonymous_49)
FN:373,(anonymous_50)
FN:389,(anonymous_51)
FN:447,(anonymous_52)
FNF:24
FNH:8
FNDA:24,(anonymous_21)
FNDA:8,(anonymous_22)
FNDA:16,(anonymous_25)
FNDA:8,(anonymous_28)
FNDA:1,(anonymous_29)
FNDA:1,(anonymous_30)
FNDA:0,(anonymous_32)
FNDA:0,(anonymous_33)
FNDA:0,(anonymous_34)
FNDA:0,(anonymous_35)
FNDA:0,(anonymous_36)
FNDA:0,(anonymous_39)
FNDA:0,(anonymous_40)
FNDA:0,(anonymous_41)
FNDA:0,(anonymous_43)
FNDA:0,(anonymous_44)
FNDA:69,(anonymous_45)
FNDA:0,(anonymous_46)
FNDA:0,(anonymous_47)
FNDA:0,(anonymous_48)
FNDA:0,(anonymous_49)
FNDA:0,(anonymous_50)
FNDA:0,(anonymous_51)
FNDA:69,(anonymous_52)
DA:1,1
DA:2,1
DA:19,1
DA:29,1
DA:30,1
DA:33,1
DA:34,1
DA:36,1
DA:37,24
DA:38,23
DA:39,23
DA:40,23
DA:41,23
DA:42,23
DA:43,23
DA:52,23
DA:54,23
DA:56,23
DA:57,16
DA:58,16
DA:59,16
DA:60,16
DA:61,16
DA:62,16
DA:65,8
DA:66,8
DA:74,0
DA:75,0
DA:81,8
DA:82,8
DA:84,8
DA:88,31
DA:90,8
DA:91,0
DA:93,8
DA:97,23
DA:98,8
DA:99,8
DA:102,23
DA:105,1
DA:108,1
DA:109,1
DA:112,1
DA:113,1
DA:114,1
DA:116,1
DA:121,1
DA:124,1
DA:135,0
DA:136,0
DA:141,1
DA:145,23
DA:146,0
DA:147,0
DA:148,0
DA:151,23
DA:152,0
DA:153,0
DA:154,0
DA:156,0
DA:157,0
DA:159,0
DA:162,23
DA:164,0
DA:166,0
DA:167,0
DA:168,0
DA:170,0
DA:171,0
DA:173,0
DA:174,0
DA:175,0
DA:180,0
DA:181,0
DA:185,23
DA:186,0
DA:189,23
DA:190,0
DA:191,0
DA:192,0
DA:195,0
DA:196,0
DA:197,0
DA:202,0
DA:203,0
DA:207,23
DA:208,0
DA:210,0
DA:212,0
DA:214,0
DA:216,0
DA:220,23
DA:248,0
DA:278,69
DA:284,0
DA:296,0
DA:301,0
DA:306,0
DA:323,23
DA:373,0
DA:389,0
DA:447,69
DA:480,1
LF:103
LH:57
BRDA:57,0,0,8
BRDA:58,1,0,8
BRDA:59,2,0,8
BRDA:60,3,0,8
BRDA:61,4,0,8
BRDA:62,5,0,8
BRDA:72,6,0,0
BRDA:72,6,1,8
BRDA:72,7,0,0
BRDA:72,7,1,8
BRDA:108,8,0,0
BRDA:108,8,1,1
BRDA:108,9,0,0
BRDA:108,9,1,0
BRDA:108,10,0,0
BRDA:108,10,1,0
BRDA:108,11,0,0
BRDA:108,11,1,1
BRDA:108,12,0,1
BRDA:108,12,1,1
BRDA:109,13,0,0
BRDA:109,13,1,1
BRDA:109,14,0,0
BRDA:109,14,1,0
BRDA:109,15,0,0
BRDA:109,15,1,0
BRDA:109,16,0,0
BRDA:109,16,1,1
BRDA:109,17,0,1
BRDA:109,17,1,1
BRDA:112,18,0,1
BRDA:112,18,1,1
BRDA:113,19,0,1
BRDA:113,19,1,1
BRDA:114,20,0,1
BRDA:114,20,1,1
BRDA:117,21,0,1
BRDA:117,21,1,0
BRDA:118,22,0,1
BRDA:118,22,1,0
BRDA:119,23,0,1
BRDA:119,23,1,1
BRDA:125,24,0,1
BRDA:125,24,1,0
BRDA:126,25,0,1
BRDA:126,25,1,0
BRDA:132,26,0,1
BRDA:132,26,1,0
BRDA:132,27,0,0
BRDA:132,27,1,0
BRDA:152,28,0,0
BRDA:152,28,1,0
BRDA:170,29,0,0
BRDA:166,30,0,0
BRDA:190,31,0,0
BRDA:208,32,0,0
BRDA:208,32,1,0
BRDA:208,32,2,0
BRDA:208,32,3,0
BRDA:400,33,0,0
BRDA:400,33,1,23
BRDA:409,34,0,23
BRDA:409,34,1,23
BRF:63
BRH:32
end_of_record
TN:
SF:src/components/UserManagement/index.tsx
FN:34,(anonymous_21)
FN:58,(anonymous_22)
FN:90,(anonymous_25)
FN:99,(anonymous_28)
FN:104,(anonymous_29)
FN:107,(anonymous_30)
FN:134,(anonymous_32)
FN:143,(anonymous_33)
FN:145,(anonymous_34)
FN:149,(anonymous_35)
FN:163,(anonymous_36)
FN:192,(anonymous_39)
FN:196,(anonymous_40)
FN:196,(anonymous_41)
FN:209,(anonymous_43)
FN:250,(anonymous_44)
FN:256,(anonymous_45)
FN:268,(anonymous_46)
FN:276,(anonymous_47)
FN:281,(anonymous_48)
FN:286,(anonymous_49)
FN:352,(anonymous_50)
FN:368,(anonymous_51)
FN:422,(anonymous_52)
FNF:24
FNH:8
FNDA:24,(anonymous_21)
FNDA:8,(anonymous_22)
FNDA:16,(anonymous_25)
FNDA:8,(anonymous_28)
FNDA:1,(anonymous_29)
FNDA:1,(anonymous_30)
FNDA:0,(anonymous_32)
FNDA:0,(anonymous_33)
FNDA:0,(anonymous_34)
FNDA:0,(anonymous_35)
FNDA:0,(anonymous_36)
FNDA:0,(anonymous_39)
FNDA:0,(anonymous_40)
FNDA:0,(anonymous_41)
FNDA:0,(anonymous_43)
FNDA:46,(anonymous_44)
FNDA:0,(anonymous_45)
FNDA:0,(anonymous_46)
FNDA:0,(anonymous_47)
FNDA:0,(anonymous_48)
FNDA:0,(anonymous_49)
FNDA:0,(anonymous_50)
FNDA:0,(anonymous_51)
FNDA:46,(anonymous_52)
DA:1,1
DA:2,1
DA:18,1
DA:27,1
DA:29,1
DA:32,1
DA:34,1
DA:35,24
DA:36,23
DA:37,23
DA:38,23
DA:39,23
DA:40,23
DA:41,23
DA:50,23
DA:56,23
DA:58,23
DA:59,16
DA:60,16
DA:61,16
DA:62,16
DA:63,16
DA:64,16
DA:67,8
DA:68,8
DA:76,0
DA:77,0
DA:83,8
DA:84,8
DA:86,8
DA:90,31
DA:92,8
DA:93,0
DA:95,8
DA:99,23
DA:100,8
DA:101,8
DA:104,23
DA:107,1
DA:110,1
DA:111,1
DA:114,1
DA:116,1
DA:121,1
DA:124,1
DA:133,0
DA:134,0
DA:139,1
DA:143,23
DA:144,0
DA:145,0
DA:146,0
DA:149,23
DA:150,0
DA:151,0
DA:152,0
DA:157,0
DA:158,0
DA:160,0
DA:163,23
DA:165,0
DA:166,0
DA:167,0
DA:168,0
DA:169,0
DA:170,0
DA:172,0
DA:178,0
DA:179,0
DA:181,0
DA:182,0
DA:183,0
DA:188,0
DA:192,23
DA:193,0
DA:196,23
DA:198,0
DA:199,0
DA:200,0
DA:205,0
DA:209,23
DA:210,0
DA:212,0
DA:214,0
DA:216,0
DA:220,23
DA:250,46
DA:256,0
DA:268,0
DA:276,0
DA:281,0
DA:286,0
DA:303,23
DA:352,0
DA:368,0
DA:422,46
DA:435,1
LF:97
LH:54
BRDA:59,0,0,8
BRDA:60,1,0,8
BRDA:61,2,0,8
BRDA:62,3,0,8
BRDA:63,4,0,8
BRDA:64,5,0,8
BRDA:72,6,0,8
BRDA:72,6,1,8
BRDA:74,7,0,0
BRDA:74,7,1,8
BRDA:74,8,0,0
BRDA:74,8,1,8
BRDA:110,9,0,0
BRDA:110,9,1,1
BRDA:110,10,0,0
BRDA:110,10,1,0
BRDA:110,11,0,0
BRDA:110,11,1,0
BRDA:110,12,0,0
BRDA:110,12,1,1
BRDA:110,13,0,1
BRDA:110,13,1,1
BRDA:111,14,0,0
BRDA:111,14,1,1
BRDA:111,15,0,0
BRDA:111,15,1,0
BRDA:111,16,0,0
BRDA:111,16,1,0
BRDA:111,17,0,0
BRDA:111,17,1,1
BRDA:111,18,0,1
BRDA:111,18,1,1
BRDA:114,19,0,1
BRDA:114,19,1,1
BRDA:117,20,0,1
BRDA:117,20,1,0
BRDA:118,21,0,1
BRDA:118,21,1,0
BRDA:119,22,0,1
BRDA:119,22,1,1
BRDA:125,23,0,1
BRDA:125,23,1,0
BRDA:126,24,0,1
BRDA:126,24,1,0
BRDA:130,25,0,1
BRDA:130,25,1,0
BRDA:130,26,0,0
BRDA:130,26,1,0
BRDA:150,27,0,0
BRDA:150,27,1,0
BRDA:166,28,0,0
BRDA:176,29,0,0
BRDA:176,29,1,0
BRDA:188,30,0,0
BRDA:188,30,1,0
BRDA:188,31,0,0
BRDA:188,31,1,0
BRDA:188,32,0,0
BRDA:188,32,1,0
BRDA:188,33,0,0
BRDA:188,33,1,0
BRDA:188,34,0,0
BRDA:188,34,1,0
BRDA:188,35,0,0
BRDA:188,35,1,0
BRDA:188,36,0,0
BRDA:188,36,1,0
BRDA:210,37,0,0
BRDA:210,37,1,0
BRDA:210,37,2,0
BRDA:379,38,0,0
BRDA:379,38,1,23
BRDA:407,39,0,23
BRDA:407,39,1,23
BRF:74
BRH:30
end_of_record
TN:
SF:src/types/enums.ts
FN:1,(anonymous_0)
FN:8,(anonymous_1)
FN:15,(anonymous_2)
FN:21,(anonymous_3)
FN:27,(anonymous_4)
FN:33,(anonymous_5)
FN:39,(anonymous_6)
FN:51,(anonymous_7)
FN:56,(anonymous_8)
FN:62,(anonymous_9)
FNF:10
FNH:9
FNDA:3,(anonymous_0)
FNDA:3,(anonymous_1)
FNDA:3,(anonymous_2)
FNDA:3,(anonymous_3)
FNDA:3,(anonymous_4)
FNDA:3,(anonymous_5)
FNDA:3,(anonymous_6)
FNDA:3,(anonymous_7)
FNDA:3,(anonymous_8)
FNDA:0,(anonymous_9)
DA:1,3
DA:2,3
DA:3,3
DA:4,3
DA:5,3
DA:8,3
DA:9,3
DA:10,3
DA:11,3
DA:12,3
DA:15,3
DA:16,3
DA:17,3
DA:18,3
DA:21,3
DA:22,3
DA:23,3
DA:24,3
DA:27,3
DA:28,3
DA:29,3
DA:30,3
DA:33,3
DA:34,3
DA:35,3
DA:36,3
DA:39,3
DA:40,3
DA:41,3
DA:42,3
DA:45,3
DA:51,3
DA:52,3
DA:53,3
DA:56,3
DA:57,3
DA:58,3
DA:62,3
DA:63,0
DA:65,0
DA:67,0
DA:69,0
DA:71,0
LF:43
LH:38
BRDA:1,0,0,3
BRDA:1,0,1,3
BRDA:8,1,0,3
BRDA:8,1,1,3
BRDA:15,2,0,3
BRDA:15,2,1,3
BRDA:21,3,0,3
BRDA:21,3,1,3
BRDA:27,4,0,3
BRDA:27,4,1,3
BRDA:33,5,0,3
BRDA:33,5,1,3
BRDA:39,6,0,3
BRDA:39,6,1,3
BRDA:51,7,0,3
BRDA:51,7,1,3
BRDA:56,8,0,3
BRDA:56,8,1,3
BRDA:63,9,0,0
BRDA:63,9,1,0
BRDA:63,9,2,0
BRDA:63,9,3,0
BRDA:65,10,0,0
BRDA:65,10,1,0
BRDA:67,11,0,0
BRDA:67,11,1,0
BRDA:69,12,0,0
BRDA:69,12,1,0
BRF:28
BRH:18
end_of_record
